[2025-02-08 11:41:08] [INFO] Checking for polyglot file: ../GIF+PDF.gif
[2025-02-08 11:42:44] [INFO] Checking for polyglot file: ../GIF+PDF.gif
[2025-02-14 15:51:58] [INFO] Checking for polyglot file: GIF+JAR+PDF.jar
[2025-02-14 15:52:14] [INFO] Checking for polyglot file: GIF+JAR+PDF.jar
[2025-02-14 15:54:25] [INFO] Checking for polyglot file: GIF+JAR+PDF.pdf
[2025-02-14 15:54:44] [INFO] Checking for polyglot file: GIF+JAR+PDF.pdf
[2025-02-14 16:10:29] [INFO] Checking for polyglot file: GIF+JAR+PDF.pdf
[2025-02-14 16:11:14] [INFO] Checking for polyglot file: Resume+mayd+3_23.pdf
[2025-02-14 16:17:55] [INFO] Checking for polyglot file: Resume+mayd+3_23.pdf
[2025-02-14 16:22:40] [INFO] Checking for polyglot file: Resume+mayd+3_23.pdf
[2025-02-14 16:23:14] [INFO] Checking for polyglot file: GIF+JAR+PDF.pdf
[2025-02-14 16:23:29] [INFO] Checking for polyglot file: GIF+JAR+PDF.pdf
[2025-02-14 16:23:34] [INFO] Checking for polyglot file: Resume+mayd+3_23.pdf
[2025-02-14 16:23:56] [INFO] Checking for polyglot file: Resume+mayd+3_23.pdf
[2025-02-14 16:27:13] [INFO] Checking for polyglot file: Resume+mayd+3_23.pdf
[2025-02-14 16:27:31] [INFO] Checking for polyglot file: Resume+mayd+3_23.pdf
[2025-02-14 16:28:29] [INFO] Checking for polyglot file: Resume+mayd+3_23.pdf
[2025-02-14 16:28:59] [INFO] Checking for polyglot file: Resume+mayd+3_23.pdf
[2025-02-14 16:29:06] [INFO] Checking for polyglot file: GIF+JAR+PDF.pdf
[2025-02-14 16:29:14] [INFO] Checking for polyglot file: Resume+mayd+3_23.pdf
[2025-02-14 16:29:35] [INFO] Checking for polyglot file: Resume+mayd+3_23.pdf
[2025-02-14 16:30:25] [INFO] Im here bitch
[2025-02-14 16:30:25] [INFO] Checking for polyglot file: Resume+mayd+3_23.pdf
[2025-02-14 16:32:22] [INFO] Checking for polyglot file: Resume+mayd+3_23.pdf
[2025-02-14 16:32:30] [INFO] Checking for polyglot file: Resume+mayd+3_23.pdf
[2025-02-14 16:33:53] [INFO] Checking for polyglot file: Resume+mayd+3_23.pdf
[2025-02-14 16:34:52] [DEBUG] keys 0
[2025-02-14 16:34:52] [DEBUG] keys 0
[2025-02-14 16:34:52] [DEBUG] keys 0
[2025-02-14 16:34:52] [DEBUG] keys 0
[2025-02-14 16:34:52] [DEBUG] keys 0
[2025-02-14 16:34:52] [DEBUG] keys 0
[2025-02-14 16:34:52] [DEBUG] keys 0
[2025-02-14 16:34:52] [DEBUG] keys 0
[2025-02-14 16:34:52] [DEBUG] keys 0
[2025-02-14 16:34:52] [DEBUG] keys 0
[2025-02-14 16:34:52] [DEBUG] keys 0
[2025-02-14 16:34:52] [DEBUG] keys 0
[2025-02-14 16:34:52] [DEBUG] keys 0
[2025-02-14 16:34:52] [DEBUG] keys 0
[2025-02-14 16:34:52] [DEBUG] keys 0
[2025-02-14 16:34:52] [DEBUG] keys 0
[2025-02-14 16:34:52] [DEBUG] keys 0
[2025-02-14 16:34:52] [DEBUG] keys 0
[2025-02-14 16:34:52] [DEBUG] keys 0
[2025-02-14 16:34:52] [DEBUG] keys 0
[2025-02-14 16:34:52] [DEBUG] keys 0
[2025-02-14 16:34:52] [DEBUG] keys 0
[2025-02-14 16:34:52] [DEBUG] keys 0
[2025-02-14 16:34:52] [DEBUG] keys 0
[2025-02-14 16:34:52] [DEBUG] keys 0
[2025-02-14 16:34:52] [DEBUG] keys 0
[2025-02-14 16:34:52] [DEBUG] keys 0
[2025-02-14 16:34:52] [DEBUG] keys 0
[2025-02-14 16:34:52] [DEBUG] keys 0
[2025-02-14 16:34:52] [DEBUG] keys 0
[2025-02-14 16:34:52] [INFO] Checking for polyglot file: Resume+mayd+3_23.pdf
[2025-02-14 16:39:43] [DEBUG] keys 0
[2025-02-14 16:39:43] [DEBUG] keys 0
[2025-02-14 16:39:43] [DEBUG] keys 0
[2025-02-14 16:39:43] [DEBUG] keys 0
[2025-02-14 16:39:43] [DEBUG] keys 0
[2025-02-14 16:39:43] [DEBUG] keys 0
[2025-02-14 16:39:43] [DEBUG] keys 0
[2025-02-14 16:39:43] [DEBUG] keys 0
[2025-02-14 16:39:43] [DEBUG] keys 0
[2025-02-14 16:39:43] [DEBUG] keys 0
[2025-02-14 16:39:43] [DEBUG] keys 0
[2025-02-14 16:39:43] [DEBUG] keys 0
[2025-02-14 16:39:43] [DEBUG] keys 0
[2025-02-14 16:39:43] [DEBUG] keys 0
[2025-02-14 16:39:43] [DEBUG] keys 0
[2025-02-14 16:39:43] [DEBUG] keys 0
[2025-02-14 16:39:43] [DEBUG] keys 0
[2025-02-14 16:39:43] [DEBUG] keys 0
[2025-02-14 16:39:43] [DEBUG] keys 0
[2025-02-14 16:39:43] [DEBUG] keys 0
[2025-02-14 16:39:43] [DEBUG] keys 0
[2025-02-14 16:39:43] [DEBUG] keys 0
[2025-02-14 16:39:43] [DEBUG] keys 0
[2025-02-14 16:39:43] [DEBUG] keys 0
[2025-02-14 16:39:43] [DEBUG] keys 0
[2025-02-14 16:39:43] [DEBUG] keys 0
[2025-02-14 16:39:43] [DEBUG] keys 0
[2025-02-14 16:39:43] [DEBUG] keys 0
[2025-02-14 16:39:43] [DEBUG] keys 0
[2025-02-14 16:39:43] [DEBUG] keys 0
[2025-02-14 16:39:43] [INFO] Checking for polyglot file: output.pdf
[2025-02-14 16:39:49] [DEBUG] keys 0
[2025-02-14 16:39:49] [DEBUG] keys 0
[2025-02-14 16:39:49] [DEBUG] keys 0
[2025-02-14 16:39:49] [DEBUG] keys 0
[2025-02-14 16:39:49] [DEBUG] keys 0
[2025-02-14 16:39:49] [DEBUG] keys 0
[2025-02-14 16:39:49] [DEBUG] keys 0
[2025-02-14 16:39:49] [DEBUG] keys 0
[2025-02-14 16:39:49] [DEBUG] keys 0
[2025-02-14 16:39:49] [DEBUG] keys 0
[2025-02-14 16:39:49] [DEBUG] keys 0
[2025-02-14 16:39:49] [DEBUG] keys 0
[2025-02-14 16:39:49] [DEBUG] keys 0
[2025-02-14 16:39:49] [DEBUG] keys 0
[2025-02-14 16:39:49] [DEBUG] keys 0
[2025-02-14 16:39:49] [DEBUG] keys 0
[2025-02-14 16:39:49] [DEBUG] keys 0
[2025-02-14 16:39:49] [DEBUG] keys 0
[2025-02-14 16:39:49] [DEBUG] keys 0
[2025-02-14 16:39:49] [DEBUG] keys 0
[2025-02-14 16:39:49] [DEBUG] keys 0
[2025-02-14 16:39:49] [DEBUG] keys 0
[2025-02-14 16:39:49] [DEBUG] keys 0
[2025-02-14 16:39:49] [DEBUG] keys 0
[2025-02-14 16:39:49] [DEBUG] keys 0
[2025-02-14 16:39:49] [DEBUG] keys 0
[2025-02-14 16:39:49] [DEBUG] keys 0
[2025-02-14 16:39:49] [DEBUG] keys 0
[2025-02-14 16:39:49] [DEBUG] keys 0
[2025-02-14 16:39:49] [DEBUG] keys 0
[2025-02-14 16:39:49] [INFO] Checking for polyglot file: output.pdf
[2025-02-14 16:40:17] [DEBUG] keys 0
[2025-02-14 16:40:17] [DEBUG] keys 0
[2025-02-14 16:40:17] [DEBUG] keys 0
[2025-02-14 16:40:17] [DEBUG] keys 0
[2025-02-14 16:40:17] [DEBUG] keys 0
[2025-02-14 16:40:17] [DEBUG] keys 0
[2025-02-14 16:40:17] [DEBUG] keys 0
[2025-02-14 16:40:17] [DEBUG] keys 0
[2025-02-14 16:40:17] [DEBUG] keys 0
[2025-02-14 16:40:17] [DEBUG] keys 0
[2025-02-14 16:40:17] [DEBUG] keys 0
[2025-02-14 16:40:17] [DEBUG] keys 0
[2025-02-14 16:40:17] [DEBUG] keys 0
[2025-02-14 16:40:17] [DEBUG] keys 0
[2025-02-14 16:40:17] [DEBUG] keys 0
[2025-02-14 16:40:17] [DEBUG] keys 0
[2025-02-14 16:40:17] [DEBUG] keys 0
[2025-02-14 16:40:17] [DEBUG] keys 0
[2025-02-14 16:40:17] [DEBUG] keys 0
[2025-02-14 16:40:17] [DEBUG] keys 0
[2025-02-14 16:40:17] [DEBUG] keys 0
[2025-02-14 16:40:17] [DEBUG] keys 0
[2025-02-14 16:40:17] [DEBUG] keys 0
[2025-02-14 16:40:17] [DEBUG] keys 0
[2025-02-14 16:40:17] [DEBUG] keys 0
[2025-02-14 16:40:17] [DEBUG] keys 0
[2025-02-14 16:40:17] [DEBUG] keys 0
[2025-02-14 16:40:17] [DEBUG] keys 0
[2025-02-14 16:40:17] [DEBUG] keys 0
[2025-02-14 16:40:17] [DEBUG] keys 0
[2025-02-14 16:40:17] [INFO] Checking for polyglot file: output.pdf
[2025-02-14 16:44:08] [DEBUG] keys 0
[2025-02-14 16:44:08] [DEBUG] keys 0
[2025-02-14 16:44:08] [DEBUG] keys 0
[2025-02-14 16:44:08] [DEBUG] keys 0
[2025-02-14 16:44:08] [DEBUG] keys 0
[2025-02-14 16:44:08] [DEBUG] keys 0
[2025-02-14 16:44:08] [DEBUG] keys 0
[2025-02-14 16:44:08] [DEBUG] keys 0
[2025-02-14 16:44:08] [DEBUG] keys 0
[2025-02-14 16:44:08] [DEBUG] keys 0
[2025-02-14 16:44:08] [DEBUG] keys 0
[2025-02-14 16:44:08] [DEBUG] keys 0
[2025-02-14 16:44:08] [DEBUG] keys 0
[2025-02-14 16:44:08] [DEBUG] keys 0
[2025-02-14 16:44:08] [DEBUG] keys 0
[2025-02-14 16:44:08] [DEBUG] keys 0
[2025-02-14 16:44:08] [DEBUG] keys 0
[2025-02-14 16:44:08] [DEBUG] keys 0
[2025-02-14 16:44:08] [DEBUG] keys 0
[2025-02-14 16:44:08] [DEBUG] keys 0
[2025-02-14 16:44:08] [DEBUG] keys 0
[2025-02-14 16:44:08] [DEBUG] keys 0
[2025-02-14 16:44:08] [DEBUG] keys 0
[2025-02-14 16:44:08] [DEBUG] keys 0
[2025-02-14 16:44:08] [DEBUG] keys 0
[2025-02-14 16:44:08] [DEBUG] keys 0
[2025-02-14 16:44:08] [DEBUG] keys 0
[2025-02-14 16:44:08] [DEBUG] keys 0
[2025-02-14 16:44:08] [DEBUG] keys 0
[2025-02-14 16:44:08] [DEBUG] keys 0
[2025-02-14 16:44:08] [INFO] Checking for polyglot file: infected_output.pdf
[2025-02-14 16:49:16] [INFO] Checking for polyglot file: infected_output.pdf
[2025-02-14 16:49:51] [INFO] Checking for polyglot file: infected_output.pdf
